<?xml version="1.0" encoding="UTF-8"?>
<!-- Generated by org.testng.reporters.JUnitXMLReporter -->
<testsuite hostname="kushal-PC" ignored="0" name="Default test" tests="3" failures="0" timestamp="12 Dec 2021 12:57:23 GMT" time="21.721" errors="0">
  <testcase name="verifyHomePageTitleTest" time="0.025" classname="com.rsa.qa.testcases.HomePageTest"/>
  <testcase name="verifyRCALogo" time="0.068" classname="com.rsa.qa.testcases.HomePageTest"/>
  <testcase name="verifyLoginBtnClickTest" time="3.627" classname="com.rsa.qa.testcases.HomePageTest"/>
</testsuite> <!-- Default test -->
