<?xml version="1.0" encoding="UTF-8" ?>
<testsuite tests="6" failures="2" name="TestSuite" time="0.553" errors="0" skipped="0">
  <properties>
[...]
</properties>
  <testcase classname="com.rsa.qa.testcases.HomePageTest" name="verifyHomePageTitleTest" time="0.209">
    <failure message="Title is not displayed expected [Home | Rahul Shetty Academy1] but found [Home | Rahul Shetty Academy]" type="java.lang.AssertionError">java.lang.AssertionError: Title is not displayed expected [Home | Rahul Shetty Academy1] but found [Home | Rahul Shetty Academy]
	at org.testng.Assert.fail(Assert.java:96)
	at org.testng.Assert.failNotEquals(Assert.java:776)
	at org.testng.Assert.assertEqualsImpl(Assert.java:137)
	at org.testng.Assert.assertEquals(Assert.java:118)
	at org.testng.Assert.assertEquals(Assert.java:453)
	at com.rsa.qa.testcases.HomePageTest.verifyHomePageTitleTest(HomePageTest.java:35)
</failure>
    <system-out>Configuring TestNG with: org.apache.maven.surefire.testng.conf.TestNG652Configurator@546a03af
Error occured:
</system-out>
    <system-err>log4j:WARN No appenders could be found for logger (io.netty.util.internal.logging.InternalLoggerFactory).
log4j:WARN Please initialize the log4j system properly.
log4j:WARN See http://logging.apache.org/log4j/1.2/faq.html#noconfig for more info.
Starting ChromeDriver 96.0.4664.45 (76e4c1bb2ab4671b8beba3444e61c0f17584b2fc-refs/branch-heads/4664@{#947}) on port 52110
Only local connections are allowed.
Please see https://chromedriver.chromium.org/security-considerations for suggestions on keeping ChromeDriver safe.
ChromeDriver was started successfully.
Dec 04, 2021 12:10:27 AM org.openqa.selenium.remote.ProtocolHandshake createSession
INFO: Detected dialect: W3C
Dec 04, 2021 12:10:27 AM org.openqa.selenium.devtools.CdpVersionFinder findNearestMatch
INFO: Found exact CDP implementation for version 96
</system-err>
  </testcase>
  <testcase classname="com.rsa.qa.testcases.LoginPageTest" name="loginPageTitleTest" time="0.137">
    <failure message="loginPage title not mached expected [Rahul Shetty Academy1] but found [Rahul Shetty Academy]" type="java.lang.AssertionError">java.lang.AssertionError: loginPage title not mached expected [Rahul Shetty Academy1] but found [Rahul Shetty Academy]
	at org.testng.Assert.fail(Assert.java:96)
	at org.testng.Assert.failNotEquals(Assert.java:776)
	at org.testng.Assert.assertEqualsImpl(Assert.java:137)
	at org.testng.Assert.assertEquals(Assert.java:118)
	at org.testng.Assert.assertEquals(Assert.java:453)
	at com.rsa.qa.testcases.LoginPageTest.loginPageTitleTest(LoginPageTest.java:46)
</failure>
    <system-out>Error occured:
</system-out>
    <system-err>Starting ChromeDriver 96.0.4664.45 (76e4c1bb2ab4671b8beba3444e61c0f17584b2fc-refs/branch-heads/4664@{#947}) on port 65190
Only local connections are allowed.
Please see https://chromedriver.chromium.org/security-considerations for suggestions on keeping ChromeDriver safe.
ChromeDriver was started successfully.
Dec 04, 2021 12:10:33 AM org.openqa.selenium.remote.ProtocolHandshake createSession
INFO: Detected dialect: W3C
Dec 04, 2021 12:10:33 AM org.openqa.selenium.devtools.CdpVersionFinder findNearestMatch
INFO: Found exact CDP implementation for version 96
</system-err>
  </testcase>
  <testcase classname="com.rsa.qa.testcases.MyLandingPageTest" name="landingPageTitleTest" time="0.091"/>
  <testcase classname="com.rsa.qa.testcases.UserProfilePageTest" name="validateProfilePageTitleTest" time="0.006"/>
  <testcase classname="com.rsa.qa.testcases.HomePageTest" name="verifyRCALogo" time="0.067"/>
  <testcase classname="com.rsa.qa.testcases.LoginPageTest" name="loginImageTest" time="0.043"/>
</testsuite>