<?xml version="1.0" encoding="UTF-8"?>
<testng-results skipped="0" failed="0" ignored="0" total="3" passed="3">
  <reporter-output>
  </reporter-output>
  <suite name="Default suite" duration-ms="21721" started-at="2021-12-12T12:57:01Z" finished-at="2021-12-12T12:57:23Z">
    <groups>
    </groups>
    <test name="Default test" duration-ms="21721" started-at="2021-12-12T12:57:01Z" finished-at="2021-12-12T12:57:23Z">
      <class name="com.rsa.qa.testcases.HomePageTest">
        <test-method status="PASS" signature="setup()[pri:0, instance:com.rsa.qa.testcases.HomePageTest@6e6c3152]" name="setup" is-config="true" duration-ms="7017" started-at="2021-12-12T18:27:01Z" finished-at="2021-12-12T18:27:08Z">
          <reporter-output>
          </reporter-output>
        </test-method> <!-- setup -->
        <test-method status="PASS" signature="verifyHomePageTitleTest()[pri:1, instance:com.rsa.qa.testcases.HomePageTest@6e6c3152]" name="verifyHomePageTitleTest" duration-ms="25" started-at="2021-12-12T18:27:08Z" finished-at="2021-12-12T18:27:08Z">
          <reporter-output>
          </reporter-output>
        </test-method> <!-- verifyHomePageTitleTest -->
        <test-method status="PASS" signature="tearDown()[pri:0, instance:com.rsa.qa.testcases.HomePageTest@6e6c3152]" name="tearDown" is-config="true" duration-ms="610" started-at="2021-12-12T18:27:08Z" finished-at="2021-12-12T18:27:09Z">
          <reporter-output>
          </reporter-output>
        </test-method> <!-- tearDown -->
        <test-method status="PASS" signature="setup()[pri:0, instance:com.rsa.qa.testcases.HomePageTest@6e6c3152]" name="setup" is-config="true" duration-ms="4562" started-at="2021-12-12T18:27:09Z" finished-at="2021-12-12T18:27:14Z">
          <reporter-output>
          </reporter-output>
        </test-method> <!-- setup -->
        <test-method status="PASS" signature="verifyRCALogo()[pri:2, instance:com.rsa.qa.testcases.HomePageTest@6e6c3152]" name="verifyRCALogo" duration-ms="68" started-at="2021-12-12T18:27:14Z" finished-at="2021-12-12T18:27:14Z">
          <reporter-output>
          </reporter-output>
        </test-method> <!-- verifyRCALogo -->
        <test-method status="PASS" signature="tearDown()[pri:0, instance:com.rsa.qa.testcases.HomePageTest@6e6c3152]" name="tearDown" is-config="true" duration-ms="605" started-at="2021-12-12T18:27:14Z" finished-at="2021-12-12T18:27:14Z">
          <reporter-output>
          </reporter-output>
        </test-method> <!-- tearDown -->
        <test-method status="PASS" signature="setup()[pri:0, instance:com.rsa.qa.testcases.HomePageTest@6e6c3152]" name="setup" is-config="true" duration-ms="4567" started-at="2021-12-12T18:27:14Z" finished-at="2021-12-12T18:27:19Z">
          <reporter-output>
          </reporter-output>
        </test-method> <!-- setup -->
        <test-method status="PASS" signature="verifyLoginBtnClickTest()[pri:3, instance:com.rsa.qa.testcases.HomePageTest@6e6c3152]" name="verifyLoginBtnClickTest" duration-ms="3627" started-at="2021-12-12T18:27:19Z" finished-at="2021-12-12T18:27:22Z">
          <reporter-output>
          </reporter-output>
        </test-method> <!-- verifyLoginBtnClickTest -->
        <test-method status="PASS" signature="tearDown()[pri:0, instance:com.rsa.qa.testcases.HomePageTest@6e6c3152]" name="tearDown" is-config="true" duration-ms="602" started-at="2021-12-12T18:27:22Z" finished-at="2021-12-12T18:27:23Z">
          <reporter-output>
          </reporter-output>
        </test-method> <!-- tearDown -->
      </class> <!-- com.rsa.qa.testcases.HomePageTest -->
    </test> <!-- Default test -->
  </suite> <!-- Default suite -->
</testng-results>
